{"total": {"lines":{"total":803,"covered":637,"skipped":0,"pct":79.32},"statements":{"total":868,"covered":682,"skipped":0,"pct":78.57},"functions":{"total":321,"covered":238,"skipped":0,"pct":74.14},"branches":{"total":681,"covered":443,"skipped":0,"pct":65.05},"branchesTrue":{"total":0,"covered":0,"skipped":0,"pct":100}}
,"/home/runner/work/kp-lab-manager-pro-2.0_260730/kp-lab-manager-pro-2.0_260730/src/queryClient.ts": {"lines":{"total":1,"covered":0,"skipped":0,"pct":0},"functions":{"total":0,"covered":0,"skipped":0,"pct":100},"statements":{"total":1,"covered":0,"skipped":0,"pct":0},"branches":{"total":0,"covered":0,"skipped":0,"pct":100}}
,"/home/runner/work/kp-lab-manager-pro-2.0_260730/kp-lab-manager-pro-2.0_260730/src/router.tsx": {"lines":{"total":1,"covered":0,"skipped":0,"pct":0},"functions":{"total":0,"covered":0,"skipped":0,"pct":100},"statements":{"total":1,"covered":0,"skipped":0,"pct":0},"branches":{"total":0,"covered":0,"skipped":0,"pct":100}}
,"/home/runner/work/kp-lab-manager-pro-2.0_260730/kp-lab-manager-pro-2.0_260730/src/vite-env.d.ts": {"lines":{"total":0,"covered":0,"skipped":0,"pct":0},"functions":{"total":0,"covered":0,"skipped":0,"pct":0},"statements":{"total":0,"covered":0,"skipped":0,"pct":0},"branches":{"total":0,"covered":0,"skipped":0,"pct":0}}
,"/home/runner/work/kp-lab-manager-pro-2.0_260730/kp-lab-manager-pro-2.0_260730/src/api/auth.ts": {"lines":{"total":7,"covered":7,"skipped":0,"pct":100},"functions":{"total":3,"covered":3,"skipped":0,"pct":100},"statements":{"total":7,"covered":7,"skipped":0,"pct":100},"branches":{"total":0,"covered":0,"skipped":0,"pct":100}}
,"/home/runner/work/kp-lab-manager-pro-2.0_260730/kp-lab-manager-pro-2.0_260730/src/api/index.ts": {"lines":{"total":38,"covered":33,"skipped":0,"pct":86.84},"functions":{"total":8,"covered":7,"skipped":0,"pct":87.5},"statements":{"total":40,"covered":34,"skipped":0,"pct":85},"branches":{"total":32,"covered":23,"skipped":0,"pct":71.87}}
,"/home/runner/work/kp-lab-manager-pro-2.0_260730/kp-lab-manager-pro-2.0_260730/src/api/item.ts": {"lines":{"total":19,"covered":18,"skipped":0,"pct":94.73},"functions":{"total":3,"covered":3,"skipped":0,"pct":100},"statements":{"total":19,"covered":18,"skipped":0,"pct":94.73},"branches":{"total":12,"covered":11,"skipped":0,"pct":91.66}}
,"/home/runner/work/kp-lab-manager-pro-2.0_260730/kp-lab-manager-pro-2.0_260730/src/api/itemIncoming.ts": {"lines":{"total":19,"covered":18,"skipped":0,"pct":94.73},"functions":{"total":3,"covered":3,"skipped":0,"pct":100},"statements":{"total":19,"covered":18,"skipped":0,"pct":94.73},"branches":{"total":12,"covered":11,"skipped":0,"pct":91.66}}
,"/home/runner/work/kp-lab-manager-pro-2.0_260730/kp-lab-manager-pro-2.0_260730/src/api/storageLocation.ts": {"lines":{"total":11,"covered":11,"skipped":0,"pct":100},"functions":{"total":5,"covered":5,"skipped":0,"pct":100},"statements":{"total":11,"covered":11,"skipped":0,"pct":100},"branches":{"total":0,"covered":0,"skipped":0,"pct":100}}
,"/home/runner/work/kp-lab-manager-pro-2.0_260730/kp-lab-manager-pro-2.0_260730/src/api/user.ts": {"lines":{"total":14,"covered":14,"skipped":0,"pct":100},"functions":{"total":7,"covered":7,"skipped":0,"pct":100},"statements":{"total":15,"covered":15,"skipped":0,"pct":100},"branches":{"total":4,"covered":4,"skipped":0,"pct":100}}
,"/home/runner/work/kp-lab-manager-pro-2.0_260730/kp-lab-manager-pro-2.0_260730/src/components/addressSearch/AddressField.tsx": {"lines":{"total":4,"covered":3,"skipped":0,"pct":75},"functions":{"total":3,"covered":2,"skipped":0,"pct":66.66},"statements":{"total":4,"covered":3,"skipped":0,"pct":75},"branches":{"total":4,"covered":4,"skipped":0,"pct":100}}
,"/home/runner/work/kp-lab-manager-pro-2.0_260730/kp-lab-manager-pro-2.0_260730/src/components/addressSearch/AddressSearchButton.tsx": {"lines":{"total":4,"covered":4,"skipped":0,"pct":100},"functions":{"total":2,"covered":2,"skipped":0,"pct":100},"statements":{"total":4,"covered":4,"skipped":0,"pct":100},"branches":{"total":5,"covered":5,"skipped":0,"pct":100}}
,"/home/runner/work/kp-lab-manager-pro-2.0_260730/kp-lab-manager-pro-2.0_260730/src/components/addressSearch/index.ts": {"lines":{"total":0,"covered":0,"skipped":0,"pct":0},"functions":{"total":0,"covered":0,"skipped":0,"pct":0},"statements":{"total":0,"covered":0,"skipped":0,"pct":0},"branches":{"total":0,"covered":0,"skipped":0,"pct":0}}
,"/home/runner/work/kp-lab-manager-pro-2.0_260730/kp-lab-manager-pro-2.0_260730/src/components/addressSearch/loadDaumPostcodeScript.ts": {"lines":{"total":15,"covered":15,"skipped":0,"pct":100},"functions":{"total":4,"covered":4,"skipped":0,"pct":100},"statements":{"total":18,"covered":18,"skipped":0,"pct":100},"branches":{"total":4,"covered":4,"skipped":0,"pct":100}}
,"/home/runner/work/kp-lab-manager-pro-2.0_260730/kp-lab-manager-pro-2.0_260730/src/components/addressSearch/types.ts": {"lines":{"total":0,"covered":0,"skipped":0,"pct":0},"functions":{"total":0,"covered":0,"skipped":0,"pct":0},"statements":{"total":0,"covered":0,"skipped":0,"pct":0},"branches":{"total":0,"covered":0,"skipped":0,"pct":0}}
,"/home/runner/work/kp-lab-manager-pro-2.0_260730/kp-lab-manager-pro-2.0_260730/src/components/addressSearch/useAddressSearch.ts": {"lines":{"total":17,"covered":17,"skipped":0,"pct":100},"functions":{"total":4,"covered":4,"skipped":0,"pct":100},"statements":{"total":18,"covered":17,"skipped":0,"pct":94.44},"branches":{"total":6,"covered":4,"skipped":0,"pct":66.66}}
,"/home/runner/work/kp-lab-manager-pro-2.0_260730/kp-lab-manager-pro-2.0_260730/src/components/businessRegistration/BusinessRegistrationSection.tsx": {"lines":{"total":18,"covered":18,"skipped":0,"pct":100},"functions":{"total":18,"covered":18,"skipped":0,"pct":100},"statements":{"total":27,"covered":27,"skipped":0,"pct":100},"branches":{"total":24,"covered":24,"skipped":0,"pct":100}}
,"/home/runner/work/kp-lab-manager-pro-2.0_260730/kp-lab-manager-pro-2.0_260730/src/components/businessRegistration/index.ts": {"lines":{"total":0,"covered":0,"skipped":0,"pct":0},"functions":{"total":0,"covered":0,"skipped":0,"pct":0},"statements":{"total":0,"covered":0,"skipped":0,"pct":0},"branches":{"total":0,"covered":0,"skipped":0,"pct":0}}
,"/home/runner/work/kp-lab-manager-pro-2.0_260730/kp-lab-manager-pro-2.0_260730/src/components/form/BusinessNumberInput.tsx": {"lines":{"total":18,"covered":18,"skipped":0,"pct":100},"functions":{"total":6,"covered":6,"skipped":0,"pct":100},"statements":{"total":21,"covered":21,"skipped":0,"pct":100},"branches":{"total":18,"covered":18,"skipped":0,"pct":100}}
,"/home/runner/work/kp-lab-manager-pro-2.0_260730/kp-lab-manager-pro-2.0_260730/src/components/form/FormCheckbox.tsx": {"lines":{"total":4,"covered":4,"skipped":0,"pct":100},"functions":{"total":2,"covered":2,"skipped":0,"pct":100},"statements":{"total":4,"covered":4,"skipped":0,"pct":100},"branches":{"total":2,"covered":2,"skipped":0,"pct":100}}
,"/home/runner/work/kp-lab-manager-pro-2.0_260730/kp-lab-manager-pro-2.0_260730/src/components/form/FormFileInput.tsx": {"lines":{"total":8,"covered":7,"skipped":0,"pct":87.5},"functions":{"total":4,"covered":3,"skipped":0,"pct":75},"statements":{"total":9,"covered":8,"skipped":0,"pct":88.88},"branches":{"total":20,"covered":18,"skipped":0,"pct":90}}
,"/home/runner/work/kp-lab-manager-pro-2.0_260730/kp-lab-manager-pro-2.0_260730/src/components/form/FormInput.tsx": {"lines":{"total":4,"covered":4,"skipped":0,"pct":100},"functions":{"total":1,"covered":1,"skipped":0,"pct":100},"statements":{"total":4,"covered":4,"skipped":0,"pct":100},"branches":{"total":14,"covered":14,"skipped":0,"pct":100}}
,"/home/runner/work/kp-lab-manager-pro-2.0_260730/kp-lab-manager-pro-2.0_260730/src/components/form/RequiredMark.tsx": {"lines":{"total":1,"covered":1,"skipped":0,"pct":100},"functions":{"total":1,"covered":1,"skipped":0,"pct":100},"statements":{"total":1,"covered":1,"skipped":0,"pct":100},"branches":{"total":0,"covered":0,"skipped":0,"pct":100}}
,"/home/runner/work/kp-lab-manager-pro-2.0_260730/kp-lab-manager-pro-2.0_260730/src/components/form/index.ts": {"lines":{"total":0,"covered":0,"skipped":0,"pct":0},"functions":{"total":0,"covered":0,"skipped":0,"pct":0},"statements":{"total":0,"covered":0,"skipped":0,"pct":0},"branches":{"total":0,"covered":0,"skipped":0,"pct":0}}
,"/home/runner/work/kp-lab-manager-pro-2.0_260730/kp-lab-manager-pro-2.0_260730/src/components/form/messageColor.ts": {"lines":{"total":1,"covered":1,"skipped":0,"pct":100},"functions":{"total":0,"covered":0,"skipped":0,"pct":100},"statements":{"total":1,"covered":1,"skipped":0,"pct":100},"branches":{"total":0,"covered":0,"skipped":0,"pct":100}}
,"/home/runner/work/kp-lab-manager-pro-2.0_260730/kp-lab-manager-pro-2.0_260730/src/components/identityVerification/IdentityVerificationButton.tsx": {"lines":{"total":4,"covered":4,"skipped":0,"pct":100},"functions":{"total":2,"covered":2,"skipped":0,"pct":100},"statements":{"total":4,"covered":4,"skipped":0,"pct":100},"branches":{"total":7,"covered":7,"skipped":0,"pct":100}}
,"/home/runner/work/kp-lab-manager-pro-2.0_260730/kp-lab-manager-pro-2.0_260730/src/components/identityVerification/index.ts": {"lines":{"total":0,"covered":0,"skipped":0,"pct":0},"functions":{"total":0,"covered":0,"skipped":0,"pct":0},"statements":{"total":0,"covered":0,"skipped":0,"pct":0},"branches":{"total":0,"covered":0,"skipped":0,"pct":0}}
,"/home/runner/work/kp-lab-manager-pro-2.0_260730/kp-lab-manager-pro-2.0_260730/src/components/identityVerification/useIdentityVerification.ts": {"lines":{"total":22,"covered":19,"skipped":0,"pct":86.36},"functions":{"total":2,"covered":2,"skipped":0,"pct":100},"statements":{"total":22,"covered":19,"skipped":0,"pct":86.36},"branches":{"total":14,"covered":10,"skipped":0,"pct":71.42}}
,"/home/runner/work/kp-lab-manager-pro-2.0_260730/kp-lab-manager-pro-2.0_260730/src/components/layout/Footer.tsx": {"lines":{"total":1,"covered":0,"skipped":0,"pct":0},"functions":{"total":1,"covered":0,"skipped":0,"pct":0},"statements":{"total":1,"covered":0,"skipped":0,"pct":0},"branches":{"total":0,"covered":0,"skipped":0,"pct":100}}
,"/home/runner/work/kp-lab-manager-pro-2.0_260730/kp-lab-manager-pro-2.0_260730/src/components/layout/Header.tsx": {"lines":{"total":7,"covered":7,"skipped":0,"pct":100},"functions":{"total":3,"covered":3,"skipped":0,"pct":100},"statements":{"total":7,"covered":7,"skipped":0,"pct":100},"branches":{"total":2,"covered":2,"skipped":0,"pct":100}}
,"/home/runner/work/kp-lab-manager-pro-2.0_260730/kp-lab-manager-pro-2.0_260730/src/components/layout/Layout.tsx": {"lines":{"total":1,"covered":0,"skipped":0,"pct":0},"functions":{"total":1,"covered":0,"skipped":0,"pct":0},"statements":{"total":1,"covered":0,"skipped":0,"pct":0},"branches":{"total":0,"covered":0,"skipped":0,"pct":100}}
,"/home/runner/work/kp-lab-manager-pro-2.0_260730/kp-lab-manager-pro-2.0_260730/src/components/layout/Sidebar.tsx": {"lines":{"total":19,"covered":19,"skipped":0,"pct":100},"functions":{"total":7,"covered":7,"skipped":0,"pct":100},"statements":{"total":20,"covered":20,"skipped":0,"pct":100},"branches":{"total":6,"covered":6,"skipped":0,"pct":100}}
,"/home/runner/work/kp-lab-manager-pro-2.0_260730/kp-lab-manager-pro-2.0_260730/src/components/layout/sidebarMenu.ts": {"lines":{"total":14,"covered":14,"skipped":0,"pct":100},"functions":{"total":3,"covered":3,"skipped":0,"pct":100},"statements":{"total":15,"covered":15,"skipped":0,"pct":100},"branches":{"total":6,"covered":6,"skipped":0,"pct":100}}
,"/home/runner/work/kp-lab-manager-pro-2.0_260730/kp-lab-manager-pro-2.0_260730/src/components/storageLocation/StorageLocationTree.tsx": {"lines":{"total":46,"covered":35,"skipped":0,"pct":76.08},"functions":{"total":23,"covered":15,"skipped":0,"pct":65.21},"statements":{"total":49,"covered":37,"skipped":0,"pct":75.51},"branches":{"total":30,"covered":28,"skipped":0,"pct":93.33}}
,"/home/runner/work/kp-lab-manager-pro-2.0_260730/kp-lab-manager-pro-2.0_260730/src/components/table/DataTable.tsx": {"lines":{"total":48,"covered":47,"skipped":0,"pct":97.91},"functions":{"total":18,"covered":17,"skipped":0,"pct":94.44},"statements":{"total":49,"covered":48,"skipped":0,"pct":97.95},"branches":{"total":56,"covered":55,"skipped":0,"pct":98.21}}
,"/home/runner/work/kp-lab-manager-pro-2.0_260730/kp-lab-manager-pro-2.0_260730/src/pages/FindAccountPage.tsx": {"lines":{"total":4,"covered":4,"skipped":0,"pct":100},"functions":{"total":2,"covered":2,"skipped":0,"pct":100},"statements":{"total":4,"covered":4,"skipped":0,"pct":100},"branches":{"total":2,"covered":2,"skipped":0,"pct":100}}
,"/home/runner/work/kp-lab-manager-pro-2.0_260730/kp-lab-manager-pro-2.0_260730/src/pages/InventoryPreparingPage.tsx": {"lines":{"total":1,"covered":1,"skipped":0,"pct":100},"functions":{"total":1,"covered":1,"skipped":0,"pct":100},"statements":{"total":1,"covered":1,"skipped":0,"pct":100},"branches":{"total":0,"covered":0,"skipped":0,"pct":100}}
,"/home/runner/work/kp-lab-manager-pro-2.0_260730/kp-lab-manager-pro-2.0_260730/src/pages/ItemIncomingPendingPage.tsx": {"lines":{"total":16,"covered":16,"skipped":0,"pct":100},"functions":{"total":10,"covered":10,"skipped":0,"pct":100},"statements":{"total":16,"covered":16,"skipped":0,"pct":100},"branches":{"total":22,"covered":19,"skipped":0,"pct":86.36}}
,"/home/runner/work/kp-lab-manager-pro-2.0_260730/kp-lab-manager-pro-2.0_260730/src/pages/ItemPhotoPendingPage.tsx": {"lines":{"total":8,"covered":7,"skipped":0,"pct":87.5},"functions":{"total":3,"covered":2,"skipped":0,"pct":66.66},"statements":{"total":8,"covered":7,"skipped":0,"pct":87.5},"branches":{"total":0,"covered":0,"skipped":0,"pct":100}}
,"/home/runner/work/kp-lab-manager-pro-2.0_260730/kp-lab-manager-pro-2.0_260730/src/pages/ItemRegisterPage.tsx": {"lines":{"total":12,"covered":12,"skipped":0,"pct":100},"functions":{"total":7,"covered":7,"skipped":0,"pct":100},"statements":{"total":12,"covered":12,"skipped":0,"pct":100},"branches":{"total":14,"covered":11,"skipped":0,"pct":78.57}}
,"/home/runner/work/kp-lab-manager-pro-2.0_260730/kp-lab-manager-pro-2.0_260730/src/pages/LoginPage.tsx": {"lines":{"total":83,"covered":56,"skipped":0,"pct":67.46},"functions":{"total":26,"covered":16,"skipped":0,"pct":61.53},"statements":{"total":90,"covered":60,"skipped":0,"pct":66.66},"branches":{"total":45,"covered":21,"skipped":0,"pct":46.66}}
,"/home/runner/work/kp-lab-manager-pro-2.0_260730/kp-lab-manager-pro-2.0_260730/src/pages/MainPage.tsx": {"lines":{"total":8,"covered":0,"skipped":0,"pct":0},"functions":{"total":4,"covered":0,"skipped":0,"pct":0},"statements":{"total":9,"covered":0,"skipped":0,"pct":0},"branches":{"total":0,"covered":0,"skipped":0,"pct":100}}
,"/home/runner/work/kp-lab-manager-pro-2.0_260730/kp-lab-manager-pro-2.0_260730/src/pages/RegisterPage.tsx": {"lines":{"total":79,"covered":68,"skipped":0,"pct":86.07},"functions":{"total":46,"covered":29,"skipped":0,"pct":63.04},"statements":{"total":97,"covered":76,"skipped":0,"pct":78.35},"branches":{"total":106,"covered":94,"skipped":0,"pct":88.67}}
,"/home/runner/work/kp-lab-manager-pro-2.0_260730/kp-lab-manager-pro-2.0_260730/src/pages/ReservationPreparingPage.tsx": {"lines":{"total":1,"covered":1,"skipped":0,"pct":100},"functions":{"total":1,"covered":1,"skipped":0,"pct":100},"statements":{"total":1,"covered":1,"skipped":0,"pct":100},"branches":{"total":0,"covered":0,"skipped":0,"pct":100}}
,"/home/runner/work/kp-lab-manager-pro-2.0_260730/kp-lab-manager-pro-2.0_260730/src/pages/SafetyHazardousChemicalPage.tsx": {"lines":{"total":8,"covered":7,"skipped":0,"pct":87.5},"functions":{"total":3,"covered":2,"skipped":0,"pct":66.66},"statements":{"total":8,"covered":7,"skipped":0,"pct":87.5},"branches":{"total":0,"covered":0,"skipped":0,"pct":100}}
,"/home/runner/work/kp-lab-manager-pro-2.0_260730/kp-lab-manager-pro-2.0_260730/src/pages/SafetyHazardousQuantityPage.tsx": {"lines":{"total":1,"covered":1,"skipped":0,"pct":100},"functions":{"total":1,"covered":1,"skipped":0,"pct":100},"statements":{"total":1,"covered":1,"skipped":0,"pct":100},"branches":{"total":0,"covered":0,"skipped":0,"pct":100}}
,"/home/runner/work/kp-lab-manager-pro-2.0_260730/kp-lab-manager-pro-2.0_260730/src/pages/SafetyMsdsPage.tsx": {"lines":{"total":14,"covered":14,"skipped":0,"pct":100},"functions":{"total":6,"covered":6,"skipped":0,"pct":100},"statements":{"total":14,"covered":14,"skipped":0,"pct":100},"branches":{"total":4,"covered":3,"skipped":0,"pct":75}}
,"/home/runner/work/kp-lab-manager-pro-2.0_260730/kp-lab-manager-pro-2.0_260730/src/pages/SafetySpecialSubstancePage.tsx": {"lines":{"total":8,"covered":7,"skipped":0,"pct":87.5},"functions":{"total":3,"covered":2,"skipped":0,"pct":66.66},"statements":{"total":8,"covered":7,"skipped":0,"pct":87.5},"branches":{"total":0,"covered":0,"skipped":0,"pct":100}}
,"/home/runner/work/kp-lab-manager-pro-2.0_260730/kp-lab-manager-pro-2.0_260730/src/pages/SettingsCategoryPage.tsx": {"lines":{"total":1,"covered":1,"skipped":0,"pct":100},"functions":{"total":1,"covered":1,"skipped":0,"pct":100},"statements":{"total":1,"covered":1,"skipped":0,"pct":100},"branches":{"total":0,"covered":0,"skipped":0,"pct":100}}
,"/home/runner/work/kp-lab-manager-pro-2.0_260730/kp-lab-manager-pro-2.0_260730/src/pages/SettingsGroupPage.tsx": {"lines":{"total":1,"covered":1,"skipped":0,"pct":100},"functions":{"total":1,"covered":1,"skipped":0,"pct":100},"statements":{"total":1,"covered":1,"skipped":0,"pct":100},"branches":{"total":0,"covered":0,"skipped":0,"pct":100}}
,"/home/runner/work/kp-lab-manager-pro-2.0_260730/kp-lab-manager-pro-2.0_260730/src/pages/SettingsInventoryConfigPage.tsx": {"lines":{"total":1,"covered":1,"skipped":0,"pct":100},"functions":{"total":1,"covered":1,"skipped":0,"pct":100},"statements":{"total":1,"covered":1,"skipped":0,"pct":100},"branches":{"total":0,"covered":0,"skipped":0,"pct":100}}
,"/home/runner/work/kp-lab-manager-pro-2.0_260730/kp-lab-manager-pro-2.0_260730/src/pages/SettingsMemberPage.tsx": {"lines":{"total":1,"covered":1,"skipped":0,"pct":100},"functions":{"total":1,"covered":1,"skipped":0,"pct":100},"statements":{"total":1,"covered":1,"skipped":0,"pct":100},"branches":{"total":0,"covered":0,"skipped":0,"pct":100}}
,"/home/runner/work/kp-lab-manager-pro-2.0_260730/kp-lab-manager-pro-2.0_260730/src/pages/SettingsProcessPage.tsx": {"lines":{"total":1,"covered":1,"skipped":0,"pct":100},"functions":{"total":1,"covered":1,"skipped":0,"pct":100},"statements":{"total":1,"covered":1,"skipped":0,"pct":100},"branches":{"total":0,"covered":0,"skipped":0,"pct":100}}
,"/home/runner/work/kp-lab-manager-pro-2.0_260730/kp-lab-manager-pro-2.0_260730/src/pages/SettingsStorageLocationPage.tsx": {"lines":{"total":3,"covered":3,"skipped":0,"pct":100},"functions":{"total":2,"covered":2,"skipped":0,"pct":100},"statements":{"total":3,"covered":3,"skipped":0,"pct":100},"branches":{"total":6,"covered":6,"skipped":0,"pct":100}}
,"/home/runner/work/kp-lab-manager-pro-2.0_260730/kp-lab-manager-pro-2.0_260730/src/routes/__root.tsx": {"lines":{"total":3,"covered":0,"skipped":0,"pct":0},"functions":{"total":2,"covered":0,"skipped":0,"pct":0},"statements":{"total":3,"covered":0,"skipped":0,"pct":0},"branches":{"total":7,"covered":0,"skipped":0,"pct":0}}
,"/home/runner/work/kp-lab-manager-pro-2.0_260730/kp-lab-manager-pro-2.0_260730/src/routes/find-account.tsx": {"lines":{"total":4,"covered":0,"skipped":0,"pct":0},"functions":{"total":2,"covered":0,"skipped":0,"pct":0},"statements":{"total":4,"covered":0,"skipped":0,"pct":0},"branches":{"total":9,"covered":0,"skipped":0,"pct":0}}
,"/home/runner/work/kp-lab-manager-pro-2.0_260730/kp-lab-manager-pro-2.0_260730/src/routes/index.tsx": {"lines":{"total":5,"covered":0,"skipped":0,"pct":0},"functions":{"total":2,"covered":0,"skipped":0,"pct":0},"statements":{"total":6,"covered":0,"skipped":0,"pct":0},"branches":{"total":9,"covered":0,"skipped":0,"pct":0}}
,"/home/runner/work/kp-lab-manager-pro-2.0_260730/kp-lab-manager-pro-2.0_260730/src/routes/login.tsx": {"lines":{"total":4,"covered":0,"skipped":0,"pct":0},"functions":{"total":2,"covered":0,"skipped":0,"pct":0},"statements":{"total":4,"covered":0,"skipped":0,"pct":0},"branches":{"total":9,"covered":0,"skipped":0,"pct":0}}
,"/home/runner/work/kp-lab-manager-pro-2.0_260730/kp-lab-manager-pro-2.0_260730/src/routes/main.tsx": {"lines":{"total":2,"covered":0,"skipped":0,"pct":0},"functions":{"total":1,"covered":0,"skipped":0,"pct":0},"statements":{"total":2,"covered":0,"skipped":0,"pct":0},"branches":{"total":7,"covered":0,"skipped":0,"pct":0}}
,"/home/runner/work/kp-lab-manager-pro-2.0_260730/kp-lab-manager-pro-2.0_260730/src/routes/register.tsx": {"lines":{"total":4,"covered":0,"skipped":0,"pct":0},"functions":{"total":2,"covered":0,"skipped":0,"pct":0},"statements":{"total":4,"covered":0,"skipped":0,"pct":0},"branches":{"total":9,"covered":0,"skipped":0,"pct":0}}
,"/home/runner/work/kp-lab-manager-pro-2.0_260730/kp-lab-manager-pro-2.0_260730/src/routes/inventory/preparing.tsx": {"lines":{"total":2,"covered":0,"skipped":0,"pct":0},"functions":{"total":1,"covered":0,"skipped":0,"pct":0},"statements":{"total":2,"covered":0,"skipped":0,"pct":0},"branches":{"total":7,"covered":0,"skipped":0,"pct":0}}
,"/home/runner/work/kp-lab-manager-pro-2.0_260730/kp-lab-manager-pro-2.0_260730/src/routes/items/incoming-pending.tsx": {"lines":{"total":2,"covered":0,"skipped":0,"pct":0},"functions":{"total":1,"covered":0,"skipped":0,"pct":0},"statements":{"total":2,"covered":0,"skipped":0,"pct":0},"branches":{"total":7,"covered":0,"skipped":0,"pct":0}}
,"/home/runner/work/kp-lab-manager-pro-2.0_260730/kp-lab-manager-pro-2.0_260730/src/routes/items/photo-pending.tsx": {"lines":{"total":2,"covered":0,"skipped":0,"pct":0},"functions":{"total":1,"covered":0,"skipped":0,"pct":0},"statements":{"total":2,"covered":0,"skipped":0,"pct":0},"branches":{"total":7,"covered":0,"skipped":0,"pct":0}}
,"/home/runner/work/kp-lab-manager-pro-2.0_260730/kp-lab-manager-pro-2.0_260730/src/routes/items/register.tsx": {"lines":{"total":2,"covered":0,"skipped":0,"pct":0},"functions":{"total":1,"covered":0,"skipped":0,"pct":0},"statements":{"total":2,"covered":0,"skipped":0,"pct":0},"branches":{"total":7,"covered":0,"skipped":0,"pct":0}}
,"/home/runner/work/kp-lab-manager-pro-2.0_260730/kp-lab-manager-pro-2.0_260730/src/routes/reservation/preparing.tsx": {"lines":{"total":2,"covered":0,"skipped":0,"pct":0},"functions":{"total":1,"covered":0,"skipped":0,"pct":0},"statements":{"total":2,"covered":0,"skipped":0,"pct":0},"branches":{"total":7,"covered":0,"skipped":0,"pct":0}}
,"/home/runner/work/kp-lab-manager-pro-2.0_260730/kp-lab-manager-pro-2.0_260730/src/routes/safety/hazardous-chemical.tsx": {"lines":{"total":2,"covered":0,"skipped":0,"pct":0},"functions":{"total":1,"covered":0,"skipped":0,"pct":0},"statements":{"total":2,"covered":0,"skipped":0,"pct":0},"branches":{"total":7,"covered":0,"skipped":0,"pct":0}}
,"/home/runner/work/kp-lab-manager-pro-2.0_260730/kp-lab-manager-pro-2.0_260730/src/routes/safety/hazardous-quantity.tsx": {"lines":{"total":2,"covered":0,"skipped":0,"pct":0},"functions":{"total":1,"covered":0,"skipped":0,"pct":0},"statements":{"total":2,"covered":0,"skipped":0,"pct":0},"branches":{"total":7,"covered":0,"skipped":0,"pct":0}}
,"/home/runner/work/kp-lab-manager-pro-2.0_260730/kp-lab-manager-pro-2.0_260730/src/routes/safety/msds.tsx": {"lines":{"total":2,"covered":0,"skipped":0,"pct":0},"functions":{"total":1,"covered":0,"skipped":0,"pct":0},"statements":{"total":2,"covered":0,"skipped":0,"pct":0},"branches":{"total":7,"covered":0,"skipped":0,"pct":0}}
,"/home/runner/work/kp-lab-manager-pro-2.0_260730/kp-lab-manager-pro-2.0_260730/src/routes/safety/special-substance.tsx": {"lines":{"total":2,"covered":0,"skipped":0,"pct":0},"functions":{"total":1,"covered":0,"skipped":0,"pct":0},"statements":{"total":2,"covered":0,"skipped":0,"pct":0},"branches":{"total":7,"covered":0,"skipped":0,"pct":0}}
,"/home/runner/work/kp-lab-manager-pro-2.0_260730/kp-lab-manager-pro-2.0_260730/src/routes/settings/category.tsx": {"lines":{"total":2,"covered":0,"skipped":0,"pct":0},"functions":{"total":1,"covered":0,"skipped":0,"pct":0},"statements":{"total":2,"covered":0,"skipped":0,"pct":0},"branches":{"total":7,"covered":0,"skipped":0,"pct":0}}
,"/home/runner/work/kp-lab-manager-pro-2.0_260730/kp-lab-manager-pro-2.0_260730/src/routes/settings/group.tsx": {"lines":{"total":2,"covered":0,"skipped":0,"pct":0},"functions":{"total":1,"covered":0,"skipped":0,"pct":0},"statements":{"total":2,"covered":0,"skipped":0,"pct":0},"branches":{"total":7,"covered":0,"skipped":0,"pct":0}}
,"/home/runner/work/kp-lab-manager-pro-2.0_260730/kp-lab-manager-pro-2.0_260730/src/routes/settings/inventory-config.tsx": {"lines":{"total":2,"covered":0,"skipped":0,"pct":0},"functions":{"total":1,"covered":0,"skipped":0,"pct":0},"statements":{"total":2,"covered":0,"skipped":0,"pct":0},"branches":{"total":7,"covered":0,"skipped":0,"pct":0}}
,"/home/runner/work/kp-lab-manager-pro-2.0_260730/kp-lab-manager-pro-2.0_260730/src/routes/settings/member.tsx": {"lines":{"total":2,"covered":0,"skipped":0,"pct":0},"functions":{"total":1,"covered":0,"skipped":0,"pct":0},"statements":{"total":2,"covered":0,"skipped":0,"pct":0},"branches":{"total":7,"covered":0,"skipped":0,"pct":0}}
,"/home/runner/work/kp-lab-manager-pro-2.0_260730/kp-lab-manager-pro-2.0_260730/src/routes/settings/process.tsx": {"lines":{"total":2,"covered":0,"skipped":0,"pct":0},"functions":{"total":1,"covered":0,"skipped":0,"pct":0},"statements":{"total":2,"covered":0,"skipped":0,"pct":0},"branches":{"total":7,"covered":0,"skipped":0,"pct":0}}
,"/home/runner/work/kp-lab-manager-pro-2.0_260730/kp-lab-manager-pro-2.0_260730/src/routes/settings/storage-location.tsx": {"lines":{"total":2,"covered":0,"skipped":0,"pct":0},"functions":{"total":1,"covered":0,"skipped":0,"pct":0},"statements":{"total":2,"covered":0,"skipped":0,"pct":0},"branches":{"total":7,"covered":0,"skipped":0,"pct":0}}
,"/home/runner/work/kp-lab-manager-pro-2.0_260730/kp-lab-manager-pro-2.0_260730/src/stores/authStore.ts": {"lines":{"total":17,"covered":4,"skipped":0,"pct":23.52},"functions":{"total":6,"covered":3,"skipped":0,"pct":50},"statements":{"total":20,"covered":5,"skipped":0,"pct":25},"branches":{"total":8,"covered":0,"skipped":0,"pct":0}}
,"/home/runner/work/kp-lab-manager-pro-2.0_260730/kp-lab-manager-pro-2.0_260730/src/test/test-utils.tsx": {"lines":{"total":5,"covered":5,"skipped":0,"pct":100},"functions":{"total":3,"covered":3,"skipped":0,"pct":100},"statements":{"total":6,"covered":6,"skipped":0,"pct":100},"branches":{"total":0,"covered":0,"skipped":0,"pct":100}}
,"/home/runner/work/kp-lab-manager-pro-2.0_260730/kp-lab-manager-pro-2.0_260730/src/test/vitest.d.ts": {"lines":{"total":0,"covered":0,"skipped":0,"pct":0},"functions":{"total":0,"covered":0,"skipped":0,"pct":0},"statements":{"total":0,"covered":0,"skipped":0,"pct":0},"branches":{"total":0,"covered":0,"skipped":0,"pct":0}}
,"/home/runner/work/kp-lab-manager-pro-2.0_260730/kp-lab-manager-pro-2.0_260730/src/test/mocks/handlers.ts": {"lines":{"total":19,"covered":2,"skipped":0,"pct":10.52},"functions":{"total":5,"covered":0,"skipped":0,"pct":0},"statements":{"total":19,"covered":2,"skipped":0,"pct":10.52},"branches":{"total":8,"covered":0,"skipped":0,"pct":0}}
,"/home/runner/work/kp-lab-manager-pro-2.0_260730/kp-lab-manager-pro-2.0_260730/src/test/mocks/server.ts": {"lines":{"total":1,"covered":1,"skipped":0,"pct":100},"functions":{"total":0,"covered":0,"skipped":0,"pct":100},"statements":{"total":1,"covered":1,"skipped":0,"pct":100},"branches":{"total":0,"covered":0,"skipped":0,"pct":100}}
,"/home/runner/work/kp-lab-manager-pro-2.0_260730/kp-lab-manager-pro-2.0_260730/src/utils/date.ts": {"lines":{"total":5,"covered":5,"skipped":0,"pct":100},"functions":{"total":2,"covered":2,"skipped":0,"pct":100},"statements":{"total":5,"covered":5,"skipped":0,"pct":100},"branches":{"total":0,"covered":0,"skipped":0,"pct":100}}
,"/home/runner/work/kp-lab-manager-pro-2.0_260730/kp-lab-manager-pro-2.0_260730/src/utils/fingerprint.ts": {"lines":{"total":6,"covered":0,"skipped":0,"pct":0},"functions":{"total":1,"covered":0,"skipped":0,"pct":0},"statements":{"total":6,"covered":0,"skipped":0,"pct":0},"branches":{"total":0,"covered":0,"skipped":0,"pct":100}}
,"/home/runner/work/kp-lab-manager-pro-2.0_260730/kp-lab-manager-pro-2.0_260730/src/utils/requireAuth.ts": {"lines":{"total":23,"covered":22,"skipped":0,"pct":95.65},"functions":{"total":6,"covered":6,"skipped":0,"pct":100},"statements":{"total":25,"covered":24,"skipped":0,"pct":96},"branches":{"total":14,"covered":13,"skipped":0,"pct":92.85}}
,"/home/runner/work/kp-lab-manager-pro-2.0_260730/kp-lab-manager-pro-2.0_260730/src/utils/storageLocationTree.ts": {"lines":{"total":29,"covered":29,"skipped":0,"pct":100},"functions":{"total":10,"covered":10,"skipped":0,"pct":100},"statements":{"total":33,"covered":33,"skipped":0,"pct":100},"branches":{"total":9,"covered":8,"skipped":0,"pct":88.88}}
,"/home/runner/work/kp-lab-manager-pro-2.0_260730/kp-lab-manager-pro-2.0_260730/src/utils/rules/validationRules.ts": {"lines":{"total":29,"covered":29,"skipped":0,"pct":100},"functions":{"total":8,"covered":8,"skipped":0,"pct":100},"statements":{"total":31,"covered":31,"skipped":0,"pct":100},"branches":{"total":10,"covered":10,"skipped":0,"pct":100}}
}
