{"total": {"lines":{"total":654,"covered":506,"skipped":0,"pct":77.37},"statements":{"total":715,"covered":547,"skipped":0,"pct":76.5},"functions":{"total":263,"covered":190,"skipped":0,"pct":72.24},"branches":{"total":544,"covered":353,"skipped":0,"pct":64.88},"branchesTrue":{"total":0,"covered":0,"skipped":0,"pct":100}}
,"/home/runner/work/kp-lab-manager-pro-2.0_260730/kp-lab-manager-pro-2.0_260730/src/queryClient.ts": {"lines":{"total":1,"covered":0,"skipped":0,"pct":0},"functions":{"total":0,"covered":0,"skipped":0,"pct":100},"statements":{"total":1,"covered":0,"skipped":0,"pct":0},"branches":{"total":0,"covered":0,"skipped":0,"pct":100}}
,"/home/runner/work/kp-lab-manager-pro-2.0_260730/kp-lab-manager-pro-2.0_260730/src/router.tsx": {"lines":{"total":1,"covered":0,"skipped":0,"pct":0},"functions":{"total":0,"covered":0,"skipped":0,"pct":100},"statements":{"total":1,"covered":0,"skipped":0,"pct":0},"branches":{"total":0,"covered":0,"skipped":0,"pct":100}}
,"/home/runner/work/kp-lab-manager-pro-2.0_260730/kp-lab-manager-pro-2.0_260730/src/vite-env.d.ts": {"lines":{"total":0,"covered":0,"skipped":0,"pct":0},"functions":{"total":0,"covered":0,"skipped":0,"pct":0},"statements":{"total":0,"covered":0,"skipped":0,"pct":0},"branches":{"total":0,"covered":0,"skipped":0,"pct":0}}
,"/home/runner/work/kp-lab-manager-pro-2.0_260730/kp-lab-manager-pro-2.0_260730/src/api/auth.ts": {"lines":{"total":3,"covered":3,"skipped":0,"pct":100},"functions":{"total":1,"covered":1,"skipped":0,"pct":100},"statements":{"total":3,"covered":3,"skipped":0,"pct":100},"branches":{"total":0,"covered":0,"skipped":0,"pct":100}}
,"/home/runner/work/kp-lab-manager-pro-2.0_260730/kp-lab-manager-pro-2.0_260730/src/api/index.ts": {"lines":{"total":35,"covered":30,"skipped":0,"pct":85.71},"functions":{"total":8,"covered":7,"skipped":0,"pct":87.5},"statements":{"total":37,"covered":31,"skipped":0,"pct":83.78},"branches":{"total":30,"covered":22,"skipped":0,"pct":73.33}}
,"/home/runner/work/kp-lab-manager-pro-2.0_260730/kp-lab-manager-pro-2.0_260730/src/api/item.ts": {"lines":{"total":19,"covered":18,"skipped":0,"pct":94.73},"functions":{"total":3,"covered":3,"skipped":0,"pct":100},"statements":{"total":19,"covered":18,"skipped":0,"pct":94.73},"branches":{"total":12,"covered":11,"skipped":0,"pct":91.66}}
,"/home/runner/work/kp-lab-manager-pro-2.0_260730/kp-lab-manager-pro-2.0_260730/src/api/itemIncoming.ts": {"lines":{"total":19,"covered":18,"skipped":0,"pct":94.73},"functions":{"total":3,"covered":3,"skipped":0,"pct":100},"statements":{"total":19,"covered":18,"skipped":0,"pct":94.73},"branches":{"total":12,"covered":11,"skipped":0,"pct":91.66}}
,"/home/runner/work/kp-lab-manager-pro-2.0_260730/kp-lab-manager-pro-2.0_260730/src/api/user.ts": {"lines":{"total":10,"covered":10,"skipped":0,"pct":100},"functions":{"total":5,"covered":5,"skipped":0,"pct":100},"statements":{"total":11,"covered":11,"skipped":0,"pct":100},"branches":{"total":4,"covered":4,"skipped":0,"pct":100}}
,"/home/runner/work/kp-lab-manager-pro-2.0_260730/kp-lab-manager-pro-2.0_260730/src/components/addressSearch/AddressField.tsx": {"lines":{"total":4,"covered":3,"skipped":0,"pct":75},"functions":{"total":3,"covered":2,"skipped":0,"pct":66.66},"statements":{"total":4,"covered":3,"skipped":0,"pct":75},"branches":{"total":4,"covered":4,"skipped":0,"pct":100}}
,"/home/runner/work/kp-lab-manager-pro-2.0_260730/kp-lab-manager-pro-2.0_260730/src/components/addressSearch/AddressSearchButton.tsx": {"lines":{"total":4,"covered":4,"skipped":0,"pct":100},"functions":{"total":2,"covered":2,"skipped":0,"pct":100},"statements":{"total":4,"covered":4,"skipped":0,"pct":100},"branches":{"total":5,"covered":5,"skipped":0,"pct":100}}
,"/home/runner/work/kp-lab-manager-pro-2.0_260730/kp-lab-manager-pro-2.0_260730/src/components/addressSearch/index.ts": {"lines":{"total":0,"covered":0,"skipped":0,"pct":0},"functions":{"total":0,"covered":0,"skipped":0,"pct":0},"statements":{"total":0,"covered":0,"skipped":0,"pct":0},"branches":{"total":0,"covered":0,"skipped":0,"pct":0}}
,"/home/runner/work/kp-lab-manager-pro-2.0_260730/kp-lab-manager-pro-2.0_260730/src/components/addressSearch/loadDaumPostcodeScript.ts": {"lines":{"total":15,"covered":15,"skipped":0,"pct":100},"functions":{"total":4,"covered":4,"skipped":0,"pct":100},"statements":{"total":18,"covered":18,"skipped":0,"pct":100},"branches":{"total":4,"covered":4,"skipped":0,"pct":100}}
,"/home/runner/work/kp-lab-manager-pro-2.0_260730/kp-lab-manager-pro-2.0_260730/src/components/addressSearch/types.ts": {"lines":{"total":0,"covered":0,"skipped":0,"pct":0},"functions":{"total":0,"covered":0,"skipped":0,"pct":0},"statements":{"total":0,"covered":0,"skipped":0,"pct":0},"branches":{"total":0,"covered":0,"skipped":0,"pct":0}}
,"/home/runner/work/kp-lab-manager-pro-2.0_260730/kp-lab-manager-pro-2.0_260730/src/components/addressSearch/useAddressSearch.ts": {"lines":{"total":17,"covered":17,"skipped":0,"pct":100},"functions":{"total":4,"covered":4,"skipped":0,"pct":100},"statements":{"total":18,"covered":17,"skipped":0,"pct":94.44},"branches":{"total":6,"covered":4,"skipped":0,"pct":66.66}}
,"/home/runner/work/kp-lab-manager-pro-2.0_260730/kp-lab-manager-pro-2.0_260730/src/components/businessRegistration/BusinessRegistrationSection.tsx": {"lines":{"total":18,"covered":18,"skipped":0,"pct":100},"functions":{"total":18,"covered":18,"skipped":0,"pct":100},"statements":{"total":27,"covered":27,"skipped":0,"pct":100},"branches":{"total":24,"covered":24,"skipped":0,"pct":100}}
,"/home/runner/work/kp-lab-manager-pro-2.0_260730/kp-lab-manager-pro-2.0_260730/src/components/businessRegistration/index.ts": {"lines":{"total":0,"covered":0,"skipped":0,"pct":0},"functions":{"total":0,"covered":0,"skipped":0,"pct":0},"statements":{"total":0,"covered":0,"skipped":0,"pct":0},"branches":{"total":0,"covered":0,"skipped":0,"pct":0}}
,"/home/runner/work/kp-lab-manager-pro-2.0_260730/kp-lab-manager-pro-2.0_260730/src/components/form/BusinessNumberInput.tsx": {"lines":{"total":18,"covered":18,"skipped":0,"pct":100},"functions":{"total":6,"covered":6,"skipped":0,"pct":100},"statements":{"total":21,"covered":21,"skipped":0,"pct":100},"branches":{"total":18,"covered":18,"skipped":0,"pct":100}}
,"/home/runner/work/kp-lab-manager-pro-2.0_260730/kp-lab-manager-pro-2.0_260730/src/components/form/FormCheckbox.tsx": {"lines":{"total":4,"covered":4,"skipped":0,"pct":100},"functions":{"total":2,"covered":2,"skipped":0,"pct":100},"statements":{"total":4,"covered":4,"skipped":0,"pct":100},"branches":{"total":2,"covered":2,"skipped":0,"pct":100}}
,"/home/runner/work/kp-lab-manager-pro-2.0_260730/kp-lab-manager-pro-2.0_260730/src/components/form/FormFileInput.tsx": {"lines":{"total":8,"covered":7,"skipped":0,"pct":87.5},"functions":{"total":4,"covered":3,"skipped":0,"pct":75},"statements":{"total":9,"covered":8,"skipped":0,"pct":88.88},"branches":{"total":20,"covered":18,"skipped":0,"pct":90}}
,"/home/runner/work/kp-lab-manager-pro-2.0_260730/kp-lab-manager-pro-2.0_260730/src/components/form/FormInput.tsx": {"lines":{"total":3,"covered":3,"skipped":0,"pct":100},"functions":{"total":1,"covered":1,"skipped":0,"pct":100},"statements":{"total":3,"covered":3,"skipped":0,"pct":100},"branches":{"total":12,"covered":12,"skipped":0,"pct":100}}
,"/home/runner/work/kp-lab-manager-pro-2.0_260730/kp-lab-manager-pro-2.0_260730/src/components/form/RequiredMark.tsx": {"lines":{"total":1,"covered":1,"skipped":0,"pct":100},"functions":{"total":1,"covered":1,"skipped":0,"pct":100},"statements":{"total":1,"covered":1,"skipped":0,"pct":100},"branches":{"total":0,"covered":0,"skipped":0,"pct":100}}
,"/home/runner/work/kp-lab-manager-pro-2.0_260730/kp-lab-manager-pro-2.0_260730/src/components/form/index.ts": {"lines":{"total":0,"covered":0,"skipped":0,"pct":0},"functions":{"total":0,"covered":0,"skipped":0,"pct":0},"statements":{"total":0,"covered":0,"skipped":0,"pct":0},"branches":{"total":0,"covered":0,"skipped":0,"pct":0}}
,"/home/runner/work/kp-lab-manager-pro-2.0_260730/kp-lab-manager-pro-2.0_260730/src/components/form/messageColor.ts": {"lines":{"total":1,"covered":1,"skipped":0,"pct":100},"functions":{"total":0,"covered":0,"skipped":0,"pct":100},"statements":{"total":1,"covered":1,"skipped":0,"pct":100},"branches":{"total":0,"covered":0,"skipped":0,"pct":100}}
,"/home/runner/work/kp-lab-manager-pro-2.0_260730/kp-lab-manager-pro-2.0_260730/src/components/identityVerification/IdentityVerificationButton.tsx": {"lines":{"total":4,"covered":4,"skipped":0,"pct":100},"functions":{"total":2,"covered":2,"skipped":0,"pct":100},"statements":{"total":4,"covered":4,"skipped":0,"pct":100},"branches":{"total":7,"covered":7,"skipped":0,"pct":100}}
,"/home/runner/work/kp-lab-manager-pro-2.0_260730/kp-lab-manager-pro-2.0_260730/src/components/identityVerification/index.ts": {"lines":{"total":0,"covered":0,"skipped":0,"pct":0},"functions":{"total":0,"covered":0,"skipped":0,"pct":0},"statements":{"total":0,"covered":0,"skipped":0,"pct":0},"branches":{"total":0,"covered":0,"skipped":0,"pct":0}}
,"/home/runner/work/kp-lab-manager-pro-2.0_260730/kp-lab-manager-pro-2.0_260730/src/components/identityVerification/useIdentityVerification.ts": {"lines":{"total":22,"covered":19,"skipped":0,"pct":86.36},"functions":{"total":2,"covered":2,"skipped":0,"pct":100},"statements":{"total":22,"covered":19,"skipped":0,"pct":86.36},"branches":{"total":12,"covered":8,"skipped":0,"pct":66.66}}
,"/home/runner/work/kp-lab-manager-pro-2.0_260730/kp-lab-manager-pro-2.0_260730/src/components/ketcher/KetcherLoader.tsx": {"lines":{"total":3,"covered":3,"skipped":0,"pct":100},"functions":{"total":2,"covered":2,"skipped":0,"pct":100},"statements":{"total":5,"covered":5,"skipped":0,"pct":100},"branches":{"total":2,"covered":2,"skipped":0,"pct":100}}
,"/home/runner/work/kp-lab-manager-pro-2.0_260730/kp-lab-manager-pro-2.0_260730/src/components/ketcher/KetcherModal.tsx": {"lines":{"total":19,"covered":15,"skipped":0,"pct":78.94},"functions":{"total":6,"covered":4,"skipped":0,"pct":66.66},"statements":{"total":23,"covered":15,"skipped":0,"pct":65.21},"branches":{"total":12,"covered":6,"skipped":0,"pct":50}}
,"/home/runner/work/kp-lab-manager-pro-2.0_260730/kp-lab-manager-pro-2.0_260730/src/components/layout/Footer.tsx": {"lines":{"total":1,"covered":0,"skipped":0,"pct":0},"functions":{"total":1,"covered":0,"skipped":0,"pct":0},"statements":{"total":1,"covered":0,"skipped":0,"pct":0},"branches":{"total":0,"covered":0,"skipped":0,"pct":100}}
,"/home/runner/work/kp-lab-manager-pro-2.0_260730/kp-lab-manager-pro-2.0_260730/src/components/layout/Header.tsx": {"lines":{"total":7,"covered":7,"skipped":0,"pct":100},"functions":{"total":3,"covered":3,"skipped":0,"pct":100},"statements":{"total":7,"covered":7,"skipped":0,"pct":100},"branches":{"total":2,"covered":2,"skipped":0,"pct":100}}
,"/home/runner/work/kp-lab-manager-pro-2.0_260730/kp-lab-manager-pro-2.0_260730/src/components/layout/Layout.tsx": {"lines":{"total":1,"covered":0,"skipped":0,"pct":0},"functions":{"total":1,"covered":0,"skipped":0,"pct":0},"statements":{"total":1,"covered":0,"skipped":0,"pct":0},"branches":{"total":0,"covered":0,"skipped":0,"pct":100}}
,"/home/runner/work/kp-lab-manager-pro-2.0_260730/kp-lab-manager-pro-2.0_260730/src/components/layout/Sidebar.tsx": {"lines":{"total":19,"covered":19,"skipped":0,"pct":100},"functions":{"total":7,"covered":7,"skipped":0,"pct":100},"statements":{"total":20,"covered":20,"skipped":0,"pct":100},"branches":{"total":6,"covered":6,"skipped":0,"pct":100}}
,"/home/runner/work/kp-lab-manager-pro-2.0_260730/kp-lab-manager-pro-2.0_260730/src/components/layout/sidebarMenu.ts": {"lines":{"total":14,"covered":14,"skipped":0,"pct":100},"functions":{"total":3,"covered":3,"skipped":0,"pct":100},"statements":{"total":15,"covered":15,"skipped":0,"pct":100},"branches":{"total":6,"covered":6,"skipped":0,"pct":100}}
,"/home/runner/work/kp-lab-manager-pro-2.0_260730/kp-lab-manager-pro-2.0_260730/src/components/table/DataTable.tsx": {"lines":{"total":48,"covered":47,"skipped":0,"pct":97.91},"functions":{"total":18,"covered":17,"skipped":0,"pct":94.44},"statements":{"total":49,"covered":48,"skipped":0,"pct":97.95},"branches":{"total":56,"covered":55,"skipped":0,"pct":98.21}}
,"/home/runner/work/kp-lab-manager-pro-2.0_260730/kp-lab-manager-pro-2.0_260730/src/pages/InstitutionInfoPage.tsx": {"lines":{"total":1,"covered":1,"skipped":0,"pct":100},"functions":{"total":1,"covered":1,"skipped":0,"pct":100},"statements":{"total":1,"covered":1,"skipped":0,"pct":100},"branches":{"total":0,"covered":0,"skipped":0,"pct":100}}
,"/home/runner/work/kp-lab-manager-pro-2.0_260730/kp-lab-manager-pro-2.0_260730/src/pages/InstitutionLocationPage.tsx": {"lines":{"total":1,"covered":1,"skipped":0,"pct":100},"functions":{"total":1,"covered":1,"skipped":0,"pct":100},"statements":{"total":1,"covered":1,"skipped":0,"pct":100},"branches":{"total":0,"covered":0,"skipped":0,"pct":100}}
,"/home/runner/work/kp-lab-manager-pro-2.0_260730/kp-lab-manager-pro-2.0_260730/src/pages/ItemIncomingPendingPage.tsx": {"lines":{"total":16,"covered":16,"skipped":0,"pct":100},"functions":{"total":10,"covered":10,"skipped":0,"pct":100},"statements":{"total":16,"covered":16,"skipped":0,"pct":100},"branches":{"total":22,"covered":19,"skipped":0,"pct":86.36}}
,"/home/runner/work/kp-lab-manager-pro-2.0_260730/kp-lab-manager-pro-2.0_260730/src/pages/ItemPhotoPendingPage.tsx": {"lines":{"total":8,"covered":7,"skipped":0,"pct":87.5},"functions":{"total":3,"covered":2,"skipped":0,"pct":66.66},"statements":{"total":8,"covered":7,"skipped":0,"pct":87.5},"branches":{"total":0,"covered":0,"skipped":0,"pct":100}}
,"/home/runner/work/kp-lab-manager-pro-2.0_260730/kp-lab-manager-pro-2.0_260730/src/pages/ItemRegisterPage.tsx": {"lines":{"total":12,"covered":12,"skipped":0,"pct":100},"functions":{"total":7,"covered":7,"skipped":0,"pct":100},"statements":{"total":12,"covered":12,"skipped":0,"pct":100},"branches":{"total":14,"covered":11,"skipped":0,"pct":78.57}}
,"/home/runner/work/kp-lab-manager-pro-2.0_260730/kp-lab-manager-pro-2.0_260730/src/pages/LoginPage.tsx": {"lines":{"total":70,"covered":46,"skipped":0,"pct":65.71},"functions":{"total":25,"covered":15,"skipped":0,"pct":60},"statements":{"total":76,"covered":50,"skipped":0,"pct":65.78},"branches":{"total":43,"covered":19,"skipped":0,"pct":44.18}}
,"/home/runner/work/kp-lab-manager-pro-2.0_260730/kp-lab-manager-pro-2.0_260730/src/pages/MainPage.tsx": {"lines":{"total":13,"covered":0,"skipped":0,"pct":0},"functions":{"total":7,"covered":0,"skipped":0,"pct":0},"statements":{"total":14,"covered":0,"skipped":0,"pct":0},"branches":{"total":2,"covered":0,"skipped":0,"pct":0}}
,"/home/runner/work/kp-lab-manager-pro-2.0_260730/kp-lab-manager-pro-2.0_260730/src/pages/RegisterPage.tsx": {"lines":{"total":41,"covered":36,"skipped":0,"pct":87.8},"functions":{"total":31,"covered":22,"skipped":0,"pct":70.96},"statements":{"total":54,"covered":44,"skipped":0,"pct":81.48},"branches":{"total":54,"covered":49,"skipped":0,"pct":90.74}}
,"/home/runner/work/kp-lab-manager-pro-2.0_260730/kp-lab-manager-pro-2.0_260730/src/pages/SafetyHazardousChemicalPage.tsx": {"lines":{"total":8,"covered":7,"skipped":0,"pct":87.5},"functions":{"total":3,"covered":2,"skipped":0,"pct":66.66},"statements":{"total":8,"covered":7,"skipped":0,"pct":87.5},"branches":{"total":0,"covered":0,"skipped":0,"pct":100}}
,"/home/runner/work/kp-lab-manager-pro-2.0_260730/kp-lab-manager-pro-2.0_260730/src/pages/SafetyHazardousQuantityPage.tsx": {"lines":{"total":1,"covered":1,"skipped":0,"pct":100},"functions":{"total":1,"covered":1,"skipped":0,"pct":100},"statements":{"total":1,"covered":1,"skipped":0,"pct":100},"branches":{"total":0,"covered":0,"skipped":0,"pct":100}}
,"/home/runner/work/kp-lab-manager-pro-2.0_260730/kp-lab-manager-pro-2.0_260730/src/pages/SafetyMsdsPage.tsx": {"lines":{"total":14,"covered":14,"skipped":0,"pct":100},"functions":{"total":6,"covered":6,"skipped":0,"pct":100},"statements":{"total":14,"covered":14,"skipped":0,"pct":100},"branches":{"total":4,"covered":3,"skipped":0,"pct":75}}
,"/home/runner/work/kp-lab-manager-pro-2.0_260730/kp-lab-manager-pro-2.0_260730/src/pages/SafetySpecialSubstancePage.tsx": {"lines":{"total":8,"covered":7,"skipped":0,"pct":87.5},"functions":{"total":3,"covered":2,"skipped":0,"pct":66.66},"statements":{"total":8,"covered":7,"skipped":0,"pct":87.5},"branches":{"total":0,"covered":0,"skipped":0,"pct":100}}
,"/home/runner/work/kp-lab-manager-pro-2.0_260730/kp-lab-manager-pro-2.0_260730/src/pages/ZustandExample.tsx": {"lines":{"total":2,"covered":0,"skipped":0,"pct":0},"functions":{"total":1,"covered":0,"skipped":0,"pct":0},"statements":{"total":2,"covered":0,"skipped":0,"pct":0},"branches":{"total":0,"covered":0,"skipped":0,"pct":100}}
,"/home/runner/work/kp-lab-manager-pro-2.0_260730/kp-lab-manager-pro-2.0_260730/src/routes/__root.tsx": {"lines":{"total":3,"covered":0,"skipped":0,"pct":0},"functions":{"total":2,"covered":0,"skipped":0,"pct":0},"statements":{"total":3,"covered":0,"skipped":0,"pct":0},"branches":{"total":7,"covered":0,"skipped":0,"pct":0}}
,"/home/runner/work/kp-lab-manager-pro-2.0_260730/kp-lab-manager-pro-2.0_260730/src/routes/index.tsx": {"lines":{"total":5,"covered":0,"skipped":0,"pct":0},"functions":{"total":2,"covered":0,"skipped":0,"pct":0},"statements":{"total":6,"covered":0,"skipped":0,"pct":0},"branches":{"total":9,"covered":0,"skipped":0,"pct":0}}
,"/home/runner/work/kp-lab-manager-pro-2.0_260730/kp-lab-manager-pro-2.0_260730/src/routes/login.tsx": {"lines":{"total":4,"covered":0,"skipped":0,"pct":0},"functions":{"total":2,"covered":0,"skipped":0,"pct":0},"statements":{"total":4,"covered":0,"skipped":0,"pct":0},"branches":{"total":9,"covered":0,"skipped":0,"pct":0}}
,"/home/runner/work/kp-lab-manager-pro-2.0_260730/kp-lab-manager-pro-2.0_260730/src/routes/main.tsx": {"lines":{"total":2,"covered":0,"skipped":0,"pct":0},"functions":{"total":1,"covered":0,"skipped":0,"pct":0},"statements":{"total":2,"covered":0,"skipped":0,"pct":0},"branches":{"total":7,"covered":0,"skipped":0,"pct":0}}
,"/home/runner/work/kp-lab-manager-pro-2.0_260730/kp-lab-manager-pro-2.0_260730/src/routes/register.tsx": {"lines":{"total":4,"covered":0,"skipped":0,"pct":0},"functions":{"total":2,"covered":0,"skipped":0,"pct":0},"statements":{"total":4,"covered":0,"skipped":0,"pct":0},"branches":{"total":9,"covered":0,"skipped":0,"pct":0}}
,"/home/runner/work/kp-lab-manager-pro-2.0_260730/kp-lab-manager-pro-2.0_260730/src/routes/institution/info.tsx": {"lines":{"total":2,"covered":0,"skipped":0,"pct":0},"functions":{"total":1,"covered":0,"skipped":0,"pct":0},"statements":{"total":2,"covered":0,"skipped":0,"pct":0},"branches":{"total":7,"covered":0,"skipped":0,"pct":0}}
,"/home/runner/work/kp-lab-manager-pro-2.0_260730/kp-lab-manager-pro-2.0_260730/src/routes/institution/location.tsx": {"lines":{"total":2,"covered":0,"skipped":0,"pct":0},"functions":{"total":1,"covered":0,"skipped":0,"pct":0},"statements":{"total":2,"covered":0,"skipped":0,"pct":0},"branches":{"total":7,"covered":0,"skipped":0,"pct":0}}
,"/home/runner/work/kp-lab-manager-pro-2.0_260730/kp-lab-manager-pro-2.0_260730/src/routes/items/incoming-pending.tsx": {"lines":{"total":2,"covered":0,"skipped":0,"pct":0},"functions":{"total":1,"covered":0,"skipped":0,"pct":0},"statements":{"total":2,"covered":0,"skipped":0,"pct":0},"branches":{"total":7,"covered":0,"skipped":0,"pct":0}}
,"/home/runner/work/kp-lab-manager-pro-2.0_260730/kp-lab-manager-pro-2.0_260730/src/routes/items/photo-pending.tsx": {"lines":{"total":2,"covered":0,"skipped":0,"pct":0},"functions":{"total":1,"covered":0,"skipped":0,"pct":0},"statements":{"total":2,"covered":0,"skipped":0,"pct":0},"branches":{"total":7,"covered":0,"skipped":0,"pct":0}}
,"/home/runner/work/kp-lab-manager-pro-2.0_260730/kp-lab-manager-pro-2.0_260730/src/routes/items/register.tsx": {"lines":{"total":2,"covered":0,"skipped":0,"pct":0},"functions":{"total":1,"covered":0,"skipped":0,"pct":0},"statements":{"total":2,"covered":0,"skipped":0,"pct":0},"branches":{"total":7,"covered":0,"skipped":0,"pct":0}}
,"/home/runner/work/kp-lab-manager-pro-2.0_260730/kp-lab-manager-pro-2.0_260730/src/routes/safety/hazardous-chemical.tsx": {"lines":{"total":2,"covered":0,"skipped":0,"pct":0},"functions":{"total":1,"covered":0,"skipped":0,"pct":0},"statements":{"total":2,"covered":0,"skipped":0,"pct":0},"branches":{"total":7,"covered":0,"skipped":0,"pct":0}}
,"/home/runner/work/kp-lab-manager-pro-2.0_260730/kp-lab-manager-pro-2.0_260730/src/routes/safety/hazardous-quantity.tsx": {"lines":{"total":2,"covered":0,"skipped":0,"pct":0},"functions":{"total":1,"covered":0,"skipped":0,"pct":0},"statements":{"total":2,"covered":0,"skipped":0,"pct":0},"branches":{"total":7,"covered":0,"skipped":0,"pct":0}}
,"/home/runner/work/kp-lab-manager-pro-2.0_260730/kp-lab-manager-pro-2.0_260730/src/routes/safety/msds.tsx": {"lines":{"total":2,"covered":0,"skipped":0,"pct":0},"functions":{"total":1,"covered":0,"skipped":0,"pct":0},"statements":{"total":2,"covered":0,"skipped":0,"pct":0},"branches":{"total":7,"covered":0,"skipped":0,"pct":0}}
,"/home/runner/work/kp-lab-manager-pro-2.0_260730/kp-lab-manager-pro-2.0_260730/src/routes/safety/special-substance.tsx": {"lines":{"total":2,"covered":0,"skipped":0,"pct":0},"functions":{"total":1,"covered":0,"skipped":0,"pct":0},"statements":{"total":2,"covered":0,"skipped":0,"pct":0},"branches":{"total":7,"covered":0,"skipped":0,"pct":0}}
,"/home/runner/work/kp-lab-manager-pro-2.0_260730/kp-lab-manager-pro-2.0_260730/src/routes/zustand/index.tsx": {"lines":{"total":3,"covered":0,"skipped":0,"pct":0},"functions":{"total":2,"covered":0,"skipped":0,"pct":0},"statements":{"total":3,"covered":0,"skipped":0,"pct":0},"branches":{"total":7,"covered":0,"skipped":0,"pct":0}}
,"/home/runner/work/kp-lab-manager-pro-2.0_260730/kp-lab-manager-pro-2.0_260730/src/stores/authStore.ts": {"lines":{"total":17,"covered":4,"skipped":0,"pct":23.52},"functions":{"total":6,"covered":3,"skipped":0,"pct":50},"statements":{"total":20,"covered":5,"skipped":0,"pct":25},"branches":{"total":8,"covered":0,"skipped":0,"pct":0}}
,"/home/runner/work/kp-lab-manager-pro-2.0_260730/kp-lab-manager-pro-2.0_260730/src/stores/counterStore.ts": {"lines":{"total":4,"covered":0,"skipped":0,"pct":0},"functions":{"total":6,"covered":0,"skipped":0,"pct":0},"statements":{"total":7,"covered":0,"skipped":0,"pct":0},"branches":{"total":0,"covered":0,"skipped":0,"pct":100}}
,"/home/runner/work/kp-lab-manager-pro-2.0_260730/kp-lab-manager-pro-2.0_260730/src/test/test-utils.tsx": {"lines":{"total":5,"covered":5,"skipped":0,"pct":100},"functions":{"total":3,"covered":3,"skipped":0,"pct":100},"statements":{"total":6,"covered":6,"skipped":0,"pct":100},"branches":{"total":0,"covered":0,"skipped":0,"pct":100}}
,"/home/runner/work/kp-lab-manager-pro-2.0_260730/kp-lab-manager-pro-2.0_260730/src/test/vitest.d.ts": {"lines":{"total":0,"covered":0,"skipped":0,"pct":0},"functions":{"total":0,"covered":0,"skipped":0,"pct":0},"statements":{"total":0,"covered":0,"skipped":0,"pct":0},"branches":{"total":0,"covered":0,"skipped":0,"pct":0}}
,"/home/runner/work/kp-lab-manager-pro-2.0_260730/kp-lab-manager-pro-2.0_260730/src/test/mocks/handlers.ts": {"lines":{"total":19,"covered":2,"skipped":0,"pct":10.52},"functions":{"total":5,"covered":0,"skipped":0,"pct":0},"statements":{"total":19,"covered":2,"skipped":0,"pct":10.52},"branches":{"total":8,"covered":0,"skipped":0,"pct":0}}
,"/home/runner/work/kp-lab-manager-pro-2.0_260730/kp-lab-manager-pro-2.0_260730/src/test/mocks/server.ts": {"lines":{"total":1,"covered":1,"skipped":0,"pct":100},"functions":{"total":0,"covered":0,"skipped":0,"pct":100},"statements":{"total":1,"covered":1,"skipped":0,"pct":100},"branches":{"total":0,"covered":0,"skipped":0,"pct":100}}
,"/home/runner/work/kp-lab-manager-pro-2.0_260730/kp-lab-manager-pro-2.0_260730/src/utils/date.ts": {"lines":{"total":5,"covered":5,"skipped":0,"pct":100},"functions":{"total":2,"covered":2,"skipped":0,"pct":100},"statements":{"total":5,"covered":5,"skipped":0,"pct":100},"branches":{"total":0,"covered":0,"skipped":0,"pct":100}}
,"/home/runner/work/kp-lab-manager-pro-2.0_260730/kp-lab-manager-pro-2.0_260730/src/utils/fingerprint.ts": {"lines":{"total":6,"covered":0,"skipped":0,"pct":0},"functions":{"total":1,"covered":0,"skipped":0,"pct":0},"statements":{"total":6,"covered":0,"skipped":0,"pct":0},"branches":{"total":0,"covered":0,"skipped":0,"pct":100}}
,"/home/runner/work/kp-lab-manager-pro-2.0_260730/kp-lab-manager-pro-2.0_260730/src/utils/requireAuth.ts": {"lines":{"total":23,"covered":22,"skipped":0,"pct":95.65},"functions":{"total":6,"covered":6,"skipped":0,"pct":100},"statements":{"total":25,"covered":24,"skipped":0,"pct":96},"branches":{"total":14,"covered":13,"skipped":0,"pct":92.85}}
,"/home/runner/work/kp-lab-manager-pro-2.0_260730/kp-lab-manager-pro-2.0_260730/src/utils/rules/validationRules.ts": {"lines":{"total":21,"covered":21,"skipped":0,"pct":100},"functions":{"total":5,"covered":5,"skipped":0,"pct":100},"statements":{"total":23,"covered":23,"skipped":0,"pct":100},"branches":{"total":8,"covered":8,"skipped":0,"pct":100}}
}
